app/build/intermediates/manifest_merge_blame_file/debug/processDebugMainManifest/manifest-merger-blame-debug-report.txt
1<?xml version="1.0" encoding="utf-8"?>
2<manifest xmlns:android="http://schemas.android.com/apk/res/android"
3    package="com.abdnezar.easyprefs"
4    android:versionCode="1"
5    android:versionName="1.0" >
6
7    <uses-sdk
8        android:minSdkVersion="21"
9        android:targetSdkVersion="34" />
10
11    <permission
11-->[androidx.core:core:1.13.1] AndroidManifest.xml:22:5-24:47
12        android:name="com.abdnezar.easyprefs.DYNAMIC_RECEIVER_NOT_EXPORTED_PERMISSION"
12-->[androidx.core:core:1.13.1] AndroidManifest.xml:23:9-81
13        android:protectionLevel="signature" />
13-->[androidx.core:core:1.13.1] AndroidManifest.xml:24:9-44
14
15    <uses-permission android:name="com.abdnezar.easyprefs.DYNAMIC_RECEIVER_NOT_EXPORTED_PERMISSION" />
15-->[androidx.core:core:1.13.1] AndroidManifest.xml:26:5-97
15-->[androidx.core:core:1.13.1] AndroidManifest.xml:26:22-94
16
17    <application
17-->src\main\AndroidManifest.xml:5:5-13:32
18        android:allowBackup="true"
18-->src\main\AndroidManifest.xml:6:9-35
19        android:appComponentFactory="androidx.core.app.CoreComponentFactory"
19-->[androidx.core:core:1.13.1] AndroidManifest.xml:28:18-86
20        android:dataExtractionRules="@xml/data_extraction_rules"
20-->src\main\AndroidManifest.xml:7:9-65
21        android:debuggable="true"
22        android:extractNativeLibs="true"
23        android:fullBackupContent="@xml/backup_rules"
23-->src\main\AndroidManifest.xml:8:9-54
24        android:icon="@mipmap/ic_launcher"
24-->src\main\AndroidManifest.xml:9:9-43
25        android:label="@string/app_name"
25-->src\main\AndroidManifest.xml:10:9-41
26        android:roundIcon="@mipmap/ic_launcher_round"
26-->src\main\AndroidManifest.xml:11:9-54
27        android:supportsRtl="true"
27-->src\main\AndroidManifest.xml:12:9-35
28        android:testOnly="true" >
29        <provider
29-->[androidx.profileinstaller:profileinstaller:1.3.0] AndroidManifest.xml:24:9-32:20
30            android:name="androidx.startup.InitializationProvider"
30-->[androidx.profileinstaller:profileinstaller:1.3.0] AndroidManifest.xml:25:13-67
31            android:authorities="com.abdnezar.easyprefs.androidx-startup"
31-->[androidx.profileinstaller:profileinstaller:1.3.0] AndroidManifest.xml:26:13-68
32            android:exported="false" >
32-->[androidx.profileinstaller:profileinstaller:1.3.0] AndroidManifest.xml:27:13-37
33            <meta-data
33-->[androidx.profileinstaller:profileinstaller:1.3.0] AndroidManifest.xml:29:13-31:52
34                android:name="androidx.profileinstaller.ProfileInstallerInitializer"
34-->[androidx.profileinstaller:profileinstaller:1.3.0] AndroidManifest.xml:30:17-85
35                android:value="androidx.startup" />
35-->[androidx.profileinstaller:profileinstaller:1.3.0] AndroidManifest.xml:31:17-49
36        </provider>
37
38        <receiver
38-->[androidx.profileinstaller:profileinstaller:1.3.0] AndroidManifest.xml:34:9-52:20
39            android:name="androidx.profileinstaller.ProfileInstallReceiver"
39-->[androidx.profileinstaller:profileinstaller:1.3.0] AndroidManifest.xml:35:13-76
40            android:directBootAware="false"
40-->[androidx.profileinstaller:profileinstaller:1.3.0] AndroidManifest.xml:36:13-44
41            android:enabled="true"
41-->[androidx.profileinstaller:profileinstaller:1.3.0] AndroidManifest.xml:37:13-35
42            android:exported="true"
42-->[androidx.profileinstaller:profileinstaller:1.3.0] AndroidManifest.xml:38:13-36
43            android:permission="android.permission.DUMP" >
43-->[androidx.profileinstaller:profileinstaller:1.3.0] AndroidManifest.xml:39:13-57
44            <intent-filter>
44-->[androidx.profileinstaller:profileinstaller:1.3.0] AndroidManifest.xml:40:13-42:29
45                <action android:name="androidx.profileinstaller.action.INSTALL_PROFILE" />
45-->[androidx.profileinstaller:profileinstaller:1.3.0] AndroidManifest.xml:41:17-91
45-->[androidx.profileinstaller:profileinstaller:1.3.0] AndroidManifest.xml:41:25-88
46            </intent-filter>
47            <intent-filter>
47-->[androidx.profileinstaller:profileinstaller:1.3.0] AndroidManifest.xml:43:13-45:29
48                <action android:name="androidx.profileinstaller.action.SKIP_FILE" />
48-->[androidx.profileinstaller:profileinstaller:1.3.0] AndroidManifest.xml:44:17-85
48-->[androidx.profileinstaller:profileinstaller:1.3.0] AndroidManifest.xml:44:25-82
49            </intent-filter>
50            <intent-filter>
50-->[androidx.profileinstaller:profileinstaller:1.3.0] AndroidManifest.xml:46:13-48:29
51                <action android:name="androidx.profileinstaller.action.SAVE_PROFILE" />
51-->[androidx.profileinstaller:profileinstaller:1.3.0] AndroidManifest.xml:47:17-88
51-->[androidx.profileinstaller:profileinstaller:1.3.0] AndroidManifest.xml:47:25-85
52            </intent-filter>
53            <intent-filter>
53-->[androidx.profileinstaller:profileinstaller:1.3.0] AndroidManifest.xml:49:13-51:29
54                <action android:name="androidx.profileinstaller.action.BENCHMARK_OPERATION" />
54-->[androidx.profileinstaller:profileinstaller:1.3.0] AndroidManifest.xml:50:17-95
54-->[androidx.profileinstaller:profileinstaller:1.3.0] AndroidManifest.xml:50:25-92
55            </intent-filter>
56        </receiver>
57    </application>
58
59</manifest>